-encoding
UTF-8
-outxml
-source
1.6
-target
1.6
-classpath
C:\Users\vikrant.chand\.m2\repository\log4j\log4j\1.2.16\log4j-1.2.16.jar;C:\Users\vikrant.chand\.m2\repository\org\springframework\spring-webmvc\3.2.4.RELEASE\spring-webmvc-3.2.4.RELEASE.jar;C:\Users\vikrant.chand\.m2\repository\org\springframework\spring-aspects\3.2.4.RELEASE\spring-aspects-3.2.4.RELEASE.jar;C:\Users\vikrant.chand\.m2\repository\org\springframework\spring-context\3.2.4.RELEASE\spring-context-3.2.4.RELEASE.jar;C:\Users\vikrant.chand\.m2\repository\javax\servlet\jstl\1.2\jstl-1.2.jar;C:\Users\vikrant.chand\.m2\repository\javax\servlet\servlet-api\2.5\servlet-api-2.5.jar;C:\Users\vikrant.chand\.m2\repository\javax\servlet\jsp\jsp-api\2.2\jsp-api-2.2.jar;C:\Users\vikrant.chand\.m2\repository\org\springframework\spring-tx\3.2.4.RELEASE\spring-tx-3.2.4.RELEASE.jar;C:\Users\vikrant.chand\.m2\repository\org\springframework\security\spring-security-core\3.0.5.RELEASE\spring-security-core-3.0.5.RELEASE.jar;C:\Users\vikrant.chand\.m2\repository\mysql\mysql-connector-java\5.1.9\mysql-connector-java-5.1.9.jar;C:\Users\vikrant.chand\.m2\repository\org\springframework\security\spring-security-web\3.0.5.RELEASE\spring-security-web-3.0.5.RELEASE.jar;C:\Users\vikrant.chand\.m2\repository\org\springframework\security\spring-security-config\3.0.5.RELEASE\spring-security-config-3.0.5.RELEASE.jar;C:\Users\vikrant.chand\.m2\repository\org\springframework\security\spring-security-taglibs\3.0.5.RELEASE\spring-security-taglibs-3.0.5.RELEASE.jar;C:\Users\vikrant.chand\.m2\repository\org\springframework\security\spring-security-acl\3.0.5.RELEASE\spring-security-acl-3.0.5.RELEASE.jar;C:\Users\vikrant.chand\.m2\repository\org\hibernate\hibernate-core\4.1.8.Final\hibernate-core-4.1.8.Final.jar;C:\Users\vikrant.chand\.m2\repository\org\hibernate\hibernate-validator\4.2.0.Final\hibernate-validator-4.2.0.Final.jar;C:\Users\vikrant.chand\.m2\repository\commons-dbcp\commons-dbcp\20030825.184428\commons-dbcp-20030825.184428.jar;C:\Users\vikrant.chand\.m2\repository\cglib\cglib\2.2.2\cglib-2.2.2.jar;C:\Users\vikrant.chand\.m2\repository\org\hibernate\hibernate-entitymanager\4.1.8.Final\hibernate-entitymanager-4.1.8.Final.jar;C:\Users\vikrant.chand\.m2\repository\org\springframework\spring-orm\3.2.4.RELEASE\spring-orm-3.2.4.RELEASE.jar;C:\Users\vikrant.chand\.m2\repository\org\springframework\spring-test\3.2.4.RELEASE\spring-test-3.2.4.RELEASE.jar;C:\Users\vikrant.chand\.m2\repository\junit\junit\4.11\junit-4.11.jar;C:\Users\vikrant.chand\.m2\repository\org\apache\cxf\cxf-rt-frontend-jaxws\2.7.5\cxf-rt-frontend-jaxws-2.7.5.jar;C:\Users\vikrant.chand\.m2\repository\org\apache\cxf\cxf-rt-frontend-jaxrs\2.7.5\cxf-rt-frontend-jaxrs-2.7.5.jar;C:\Users\vikrant.chand\.m2\repository\javax\ws\rs\javax.ws.rs-api\2.0-m10\javax.ws.rs-api-2.0-m10.jar;C:\Users\vikrant.chand\.m2\repository\org\springframework\integration\spring-integration-xml\2.2.3.RELEASE\spring-integration-xml-2.2.3.RELEASE.jar;C:\Users\vikrant.chand\.m2\repository\org\codehaus\jackson\jackson-mapper-asl\1.8.5\jackson-mapper-asl-1.8.5.jar;C:\Users\vikrant.chand\.m2\repository\net\tanesha\recaptcha4j\recaptcha4j\0.0.7\recaptcha4j-0.0.7.jar;C:\Users\vikrant.chand\.m2\repository\org\springframework\spring-beans\3.2.4.RELEASE\spring-beans-3.2.4.RELEASE.jar;C:\Users\vikrant.chand\.m2\repository\org\springframework\spring-core\3.2.4.RELEASE\spring-core-3.2.4.RELEASE.jar;C:\Users\vikrant.chand\.m2\repository\commons-logging\commons-logging\1.1.1\commons-logging-1.1.1.jar;C:\Users\vikrant.chand\.m2\repository\org\springframework\spring-expression\3.2.4.RELEASE\spring-expression-3.2.4.RELEASE.jar;C:\Users\vikrant.chand\.m2\repository\org\springframework\spring-web\3.2.4.RELEASE\spring-web-3.2.4.RELEASE.jar;C:\Users\vikrant.chand\.m2\repository\org\aspectj\aspectjweaver\1.7.2\aspectjweaver-1.7.2.jar;C:\Users\vikrant.chand\.m2\repository\org\springframework\spring-context-support\3.2.4.RELEASE\spring-context-support-3.2.4.RELEASE.jar;C:\Users\vikrant.chand\.m2\repository\org\springframework\spring-aop\3.2.4.RELEASE\spring-aop-3.2.4.RELEASE.jar;C:\Users\vikrant.chand\.m2\repository\aopalliance\aopalliance\1.0\aopalliance-1.0.jar;C:\Users\vikrant.chand\.m2\repository\org\aspectj\aspectjrt\1.6.8\aspectjrt-1.6.8.jar;C:\Users\vikrant.chand\.m2\repository\org\springframework\spring-jdbc\3.0.3.RELEASE\spring-jdbc-3.0.3.RELEASE.jar;C:\Users\vikrant.chand\.m2\repository\antlr\antlr\2.7.7\antlr-2.7.7.jar;C:\Users\vikrant.chand\.m2\repository\org\jboss\logging\jboss-logging\3.1.0.GA\jboss-logging-3.1.0.GA.jar;C:\Users\vikrant.chand\.m2\repository\org\jboss\spec\javax\transaction\jboss-transaction-api_1.1_spec\1.0.0.Final\jboss-transaction-api_1.1_spec-1.0.0.Final.jar;C:\Users\vikrant.chand\.m2\repository\dom4j\dom4j\1.6.1\dom4j-1.6.1.jar;C:\Users\vikrant.chand\.m2\repository\org\hibernate\javax\persistence\hibernate-jpa-2.0-api\1.0.1.Final\hibernate-jpa-2.0-api-1.0.1.Final.jar;C:\Users\vikrant.chand\.m2\repository\org\javassist\javassist\3.15.0-GA\javassist-3.15.0-GA.jar;C:\Users\vikrant.chand\.m2\repository\org\hibernate\common\hibernate-commons-annotations\4.0.1.Final\hibernate-commons-annotations-4.0.1.Final.jar;C:\Users\vikrant.chand\.m2\repository\javax\validation\validation-api\1.0.0.GA\validation-api-1.0.0.GA.jar;C:\Users\vikrant.chand\.m2\repository\org\slf4j\slf4j-api\1.6.1\slf4j-api-1.6.1.jar;C:\Users\vikrant.chand\.m2\repository\asm\asm\3.3.1\asm-3.3.1.jar;C:\Users\vikrant.chand\.m2\repository\xml-resolver\xml-resolver\1.2\xml-resolver-1.2.jar;C:\Users\vikrant.chand\.m2\repository\org\apache\cxf\cxf-api\2.7.5\cxf-api-2.7.5.jar;C:\Users\vikrant.chand\.m2\repository\org\codehaus\woodstox\woodstox-core-asl\4.2.0\woodstox-core-asl-4.2.0.jar;C:\Users\vikrant.chand\.m2\repository\org\codehaus\woodstox\stax2-api\3.1.1\stax2-api-3.1.1.jar;C:\Users\vikrant.chand\.m2\repository\org\apache\ws\xmlschema\xmlschema-core\2.0.3\xmlschema-core-2.0.3.jar;C:\Users\vikrant.chand\.m2\repository\org\apache\geronimo\specs\geronimo-javamail_1.4_spec\1.7.1\geronimo-javamail_1.4_spec-1.7.1.jar;C:\Users\vikrant.chand\.m2\repository\wsdl4j\wsdl4j\1.6.3\wsdl4j-1.6.3.jar;C:\Users\vikrant.chand\.m2\repository\org\apache\cxf\cxf-rt-core\2.7.5\cxf-rt-core-2.7.5.jar;C:\Users\vikrant.chand\.m2\repository\com\sun\xml\bind\jaxb-impl\2.2.6\jaxb-impl-2.2.6.jar;C:\Users\vikrant.chand\.m2\repository\org\apache\cxf\cxf-rt-bindings-soap\2.7.5\cxf-rt-bindings-soap-2.7.5.jar;C:\Users\vikrant.chand\.m2\repository\org\apache\cxf\cxf-rt-databinding-jaxb\2.7.5\cxf-rt-databinding-jaxb-2.7.5.jar;C:\Users\vikrant.chand\.m2\repository\org\apache\cxf\cxf-rt-bindings-xml\2.7.5\cxf-rt-bindings-xml-2.7.5.jar;C:\Users\vikrant.chand\.m2\repository\org\apache\cxf\cxf-rt-frontend-simple\2.7.5\cxf-rt-frontend-simple-2.7.5.jar;C:\Users\vikrant.chand\.m2\repository\org\apache\cxf\cxf-rt-transports-http\2.7.5\cxf-rt-transports-http-2.7.5.jar;C:\Users\vikrant.chand\.m2\repository\org\apache\cxf\cxf-rt-ws-addr\2.7.5\cxf-rt-ws-addr-2.7.5.jar;C:\Users\vikrant.chand\.m2\repository\org\apache\cxf\cxf-rt-ws-policy\2.7.5\cxf-rt-ws-policy-2.7.5.jar;C:\Users\vikrant.chand\.m2\repository\org\apache\neethi\neethi\3.0.2\neethi-3.0.2.jar;C:\Users\vikrant.chand\.m2\repository\org\springframework\spring-oxm\3.1.3.RELEASE\spring-oxm-3.1.3.RELEASE.jar;C:\Users\vikrant.chand\.m2\repository\commons-lang\commons-lang\2.5\commons-lang-2.5.jar;C:\Users\vikrant.chand\.m2\repository\org\springframework\integration\spring-integration-core\2.2.3.RELEASE\spring-integration-core-2.2.3.RELEASE.jar;C:\Users\vikrant.chand\.m2\repository\org\springframework\retry\spring-retry\1.0.2.RELEASE\spring-retry-1.0.2.RELEASE.jar;C:\Users\vikrant.chand\.m2\repository\org\springframework\ws\spring-xml\2.1.1.RELEASE\spring-xml-2.1.1.RELEASE.jar;C:\Users\vikrant.chand\.m2\repository\javax\xml\stream\stax-api\1.0-2\stax-api-1.0-2.jar;C:\Users\vikrant.chand\.m2\repository\org\codehaus\jackson\jackson-core-asl\1.8.5\jackson-core-asl-1.8.5.jar;D:\Dropbox\Dropbox\Project\target\classes
-aspectpath
C:\Users\vikrant.chand\.m2\repository\org\springframework\spring-aspects\3.2.4.RELEASE\spring-aspects-3.2.4.RELEASE.jar
-d
D:\Dropbox\Dropbox\Project\target\classes
D:\Dropbox\Dropbox\Project\src\main\java\training\impetus\tp\commons\dao\GenericDao.java
D:\Dropbox\Dropbox\Project\src\main\java\training\impetus\tp\commons\dao\GenericJpaDao.java
D:\Dropbox\Dropbox\Project\src\main\java\training\impetus\tp\commons\doamin\BaseEntity.java
D:\Dropbox\Dropbox\Project\src\main\java\training\impetus\tp\controller\AppController.java
D:\Dropbox\Dropbox\Project\src\main\java\training\impetus\tp\dao\FlightScheduleDao.java
D:\Dropbox\Dropbox\Project\src\main\java\training\impetus\tp\dao\impl\FlightScheduleDaoImpl.java
D:\Dropbox\Dropbox\Project\src\main\java\training\impetus\tp\dao\impl\UserDaoImpl.java
D:\Dropbox\Dropbox\Project\src\main\java\training\impetus\tp\dao\UserDao.java
D:\Dropbox\Dropbox\Project\src\main\java\training\impetus\tp\model\BookingEntity.java
D:\Dropbox\Dropbox\Project\src\main\java\training\impetus\tp\model\FlightEntity.java
D:\Dropbox\Dropbox\Project\src\main\java\training\impetus\tp\model\FlightRouteEntity.java
D:\Dropbox\Dropbox\Project\src\main\java\training\impetus\tp\model\FlightScheduleEntity.java
D:\Dropbox\Dropbox\Project\src\main\java\training\impetus\tp\model\PassengerEntity.java
D:\Dropbox\Dropbox\Project\src\main\java\training\impetus\tp\model\UserAddress.java
D:\Dropbox\Dropbox\Project\src\main\java\training\impetus\tp\model\UserEntity.java
D:\Dropbox\Dropbox\Project\src\main\java\training\impetus\tp\model\UserRoleEntity.java
D:\Dropbox\Dropbox\Project\src\main\java\training\impetus\tp\services\FlightScheduleService.java
D:\Dropbox\Dropbox\Project\src\main\java\training\impetus\tp\services\impl\FlightScheduleServiceImpl.java
D:\Dropbox\Dropbox\Project\src\main\java\training\impetus\tp\services\impl\TicketBookingServiceImpl.java
D:\Dropbox\Dropbox\Project\src\main\java\training\impetus\tp\services\impl\UserServiceImpl.java
D:\Dropbox\Dropbox\Project\src\main\java\training\impetus\tp\services\TicketBookingService.java
D:\Dropbox\Dropbox\Project\src\main\java\training\impetus\tp\services\UserService.java
D:\Dropbox\Dropbox\Project\src\main\java\training\impetus\tp\util\DateTimeUtil.java
D:\Dropbox\Dropbox\Project\src\main\java\training\impetus\tp\util\DateUtils.java
D:\Dropbox\Dropbox\Project\src\main\java\training\impetus\tp\util\TPDate.java
D:\Dropbox\Dropbox\Project\src\main\java\training\impetus\tp\util\TPTime.java
D:\Dropbox\Dropbox\Project\src\main\java\training\impetus\tp\VO\FlightListVO.java
D:\Dropbox\Dropbox\Project\src\main\java\training\impetus\tp\VO\FlightScheduleVO.java
D:\Dropbox\Dropbox\Project\src\main\java\training\impetus\tp\VO\PassengerDetailsVo.java
